[2020-08-14 04:24:38]--[src_cgi/login_cgi.c:288]--buf = {
    "pwd": "7436569ae8a000ed53e25a41e67da025",
    "user": "klc123456"
}

[2020-08-14 04:24:38]--[src_cgi/login_cgi.c:294]--user = klc123456, pwd = 7436569ae8a000ed53e25a41e67da025
[2020-08-14 04:24:38]--[src_cgi/login_cgi.c:101]--mysql_user = root, mysql_pwd = klczxas789, mysql_db = cloud_disk
[2020-08-14 04:24:38]--[src_cgi/login_cgi.c:161]--redis:[ip=127.0.0.1,port=6379]
[2020-08-14 04:24:38]--[src_cgi/login_cgi.c:185]--tmp = klc12345611786104251
[2020-08-14 04:24:38]--[src_cgi/login_cgi.c:201]--base64 = AAAAAEVHWA7ErQflC8v7vaH0T1x6nlAq
[2020-08-14 04:24:38]--[src_cgi/login_cgi.c:303]--token = ba096f846c9aabfe9db8762dcb9ef1e8
[2020-08-14 05:26:39]--[src_cgi/login_cgi.c:288]--buf = {
    "pwd": "586f6b50a45997e5f972e7795b98d950",
    "user": "klc112233"
}

[2020-08-14 05:26:39]--[src_cgi/login_cgi.c:294]--user = klc112233, pwd = 586f6b50a45997e5f972e7795b98d950
[2020-08-14 05:26:39]--[src_cgi/login_cgi.c:101]--mysql_user = root, mysql_pwd = klczxas789, mysql_db = cloud_disk
[2020-08-14 05:26:39]--[src_cgi/login_cgi.c:161]--redis:[ip=127.0.0.1,port=6379]
[2020-08-14 05:26:39]--[src_cgi/login_cgi.c:185]--tmp = klc112233974671356946
[2020-08-14 05:26:39]--[src_cgi/login_cgi.c:201]--base64 = AAAAAO9/qD719l1hW1dVOetVCc83ZVnj
[2020-08-14 05:26:39]--[src_cgi/login_cgi.c:303]--token = 387a06044c4623acf5c03e281bfc5c99
[2020-08-14 05:27:12]--[src_cgi/login_cgi.c:288]--buf = {
    "pwd": "586f6b50a45997e5f972e7795b98d950",
    "user": "klc112233"
}

[2020-08-14 05:27:12]--[src_cgi/login_cgi.c:294]--user = klc112233, pwd = 586f6b50a45997e5f972e7795b98d950
[2020-08-14 05:27:12]--[src_cgi/login_cgi.c:101]--mysql_user = root, mysql_pwd = klczxas789, mysql_db = cloud_disk
[2020-08-14 05:27:12]--[src_cgi/login_cgi.c:161]--redis:[ip=127.0.0.1,port=6379]
[2020-08-14 05:27:12]--[src_cgi/login_cgi.c:185]--tmp = klc112233256815875200
[2020-08-14 05:27:12]--[src_cgi/login_cgi.c:201]--base64 = AAAAAO9/qD7EyfEs1cQdCecfA6nrZEp3
[2020-08-14 05:27:12]--[src_cgi/login_cgi.c:303]--token = a702a06288008188407263659c13a4bc
[2020-08-14 05:30:10]--[src_cgi/login_cgi.c:288]--buf = {
    "pwd": "7436569ae8a000ed53e25a41e67da025",
    "user": "klc741789"
}

[2020-08-14 05:30:10]--[src_cgi/login_cgi.c:294]--user = klc741789, pwd = 7436569ae8a000ed53e25a41e67da025
[2020-08-14 05:30:10]--[src_cgi/login_cgi.c:101]--mysql_user = root, mysql_pwd = klczxas789, mysql_db = cloud_disk
[2020-08-14 05:30:10]--[src_cgi/login_cgi.c:161]--redis:[ip=127.0.0.1,port=6379]
[2020-08-14 05:30:10]--[src_cgi/login_cgi.c:185]--tmp = klc741789409765567638
[2020-08-14 05:30:10]--[src_cgi/login_cgi.c:201]--base64 = AAAAAMqL2Fm+I5B+K/q31IHDsMpsNMIr
[2020-08-14 05:30:10]--[src_cgi/login_cgi.c:303]--token = a155f739ed5c9b581a51723020822390
[2020-08-14 05:30:54]--[src_cgi/login_cgi.c:288]--buf = {
    "pwd": "7436569ae8a000ed53e25a41e67da025",
    "user": "klc741789"
}

[2020-08-14 05:30:54]--[src_cgi/login_cgi.c:294]--user = klc741789, pwd = 7436569ae8a000ed53e25a41e67da025
[2020-08-14 05:30:54]--[src_cgi/login_cgi.c:101]--mysql_user = root, mysql_pwd = klczxas789, mysql_db = cloud_disk
[2020-08-14 05:30:54]--[src_cgi/login_cgi.c:161]--redis:[ip=127.0.0.1,port=6379]
[2020-08-14 05:30:54]--[src_cgi/login_cgi.c:185]--tmp = klc741789713637413903
[2020-08-14 05:30:54]--[src_cgi/login_cgi.c:201]--base64 = AAAAAMqL2Fk0sHNCBuKIlE/DUyR+782A
[2020-08-14 05:30:54]--[src_cgi/login_cgi.c:303]--token = 1fc4d257cda61c1dc8f3f343d6b9cfc7
[2020-08-14 05:36:52]--[src_cgi/login_cgi.c:288]--buf = {
    "pwd": "7436569ae8a000ed53e25a41e67da025",
    "user": "klc741789"
}

[2020-08-14 05:36:52]--[src_cgi/login_cgi.c:294]--user = klc741789, pwd = 7436569ae8a000ed53e25a41e67da025
[2020-08-14 05:36:52]--[src_cgi/login_cgi.c:101]--mysql_user = root, mysql_pwd = klczxas789, mysql_db = cloud_disk
[2020-08-14 05:36:52]--[src_cgi/login_cgi.c:161]--redis:[ip=127.0.0.1,port=6379]
[2020-08-14 05:36:52]--[src_cgi/login_cgi.c:185]--tmp = klc74178911243197762
[2020-08-14 05:36:52]--[src_cgi/login_cgi.c:201]--base64 = AAAAAMqL2Fm/HBYUR+MZjqqwKA2dPQba
[2020-08-14 05:36:52]--[src_cgi/login_cgi.c:303]--token = b6868012afc6f0258f92d37cc821006c
[2020-08-14 05:44:32]--[src_cgi/login_cgi.c:288]--buf = {
    "pwd": "b47fe11d8f7514f07d0d12919cfa874b",
    "user": "klc778899"
}

[2020-08-14 05:44:32]--[src_cgi/login_cgi.c:294]--user = klc778899, pwd = b47fe11d8f7514f07d0d12919cfa874b
[2020-08-14 05:44:32]--[src_cgi/login_cgi.c:101]--mysql_user = root, mysql_pwd = klczxas789, mysql_db = cloud_disk
[2020-08-14 05:44:32]--[src_cgi/login_cgi.c:161]--redis:[ip=127.0.0.1,port=6379]
[2020-08-14 05:44:32]--[src_cgi/login_cgi.c:185]--tmp = klc778899573798442724
[2020-08-14 05:44:32]--[src_cgi/login_cgi.c:201]--base64 = AAAAAEhD+sx5a5dPYEbaG4QdZAkOjnqB
[2020-08-14 05:44:32]--[src_cgi/login_cgi.c:303]--token = 232a3ed50a7cf62a1af90d30890eb0f7
[2020-08-14 05:45:59]--[src_cgi/login_cgi.c:288]--buf = {
    "pwd": "b47fe11d8f7514f07d0d12919cfa874b",
    "user": "klc778899"
}

[2020-08-14 05:45:59]--[src_cgi/login_cgi.c:294]--user = klc778899, pwd = b47fe11d8f7514f07d0d12919cfa874b
[2020-08-14 05:45:59]--[src_cgi/login_cgi.c:101]--mysql_user = root, mysql_pwd = klczxas789, mysql_db = cloud_disk
[2020-08-14 05:45:59]--[src_cgi/login_cgi.c:161]--redis:[ip=127.0.0.1,port=6379]
[2020-08-14 05:45:59]--[src_cgi/login_cgi.c:185]--tmp = klc778899202904117565
[2020-08-14 05:45:59]--[src_cgi/login_cgi.c:201]--base64 = AAAAAEhD+sz4gkhYpY5v2oyOCDsh1xWL
[2020-08-14 05:45:59]--[src_cgi/login_cgi.c:303]--token = 66c28fe96cff2a54a064c6e72efeccb0
[2020-08-14 05:46:49]--[src_cgi/login_cgi.c:288]--buf = {
    "pwd": "7436569ae8a000ed53e25a41e67da025",
    "user": "klc123456"
}

[2020-08-14 05:46:49]--[src_cgi/login_cgi.c:294]--user = klc123456, pwd = 7436569ae8a000ed53e25a41e67da025
[2020-08-14 05:46:49]--[src_cgi/login_cgi.c:101]--mysql_user = root, mysql_pwd = klczxas789, mysql_db = cloud_disk
[2020-08-14 05:46:49]--[src_cgi/login_cgi.c:161]--redis:[ip=127.0.0.1,port=6379]
[2020-08-14 05:46:49]--[src_cgi/login_cgi.c:185]--tmp = klc12345625556155305
[2020-08-14 05:46:49]--[src_cgi/login_cgi.c:201]--base64 = AAAAAEVHWA4mZJTbYf0QEbjbeNIJ+7BR
[2020-08-14 05:46:49]--[src_cgi/login_cgi.c:303]--token = 9ed71bb72ed96bc8c6929b6c800c3b3d
[2020-08-14 17:29:45]--[src_cgi/login_cgi.c:288]--buf = {
    "pwd": "d3f864bea4f5c96dce5b84a65466c17f",
    "user": "cf123"
}

[2020-08-14 17:29:45]--[src_cgi/login_cgi.c:294]--user = cf123, pwd = d3f864bea4f5c96dce5b84a65466c17f
[2020-08-14 17:29:45]--[src_cgi/login_cgi.c:101]--mysql_user = root, mysql_pwd = klczxas789, mysql_db = cloud_disk
[2020-08-14 17:29:45]--[src_cgi/login_cgi.c:161]--redis:[ip=127.0.0.1,port=6379]
[2020-08-14 17:29:45]--[src_cgi/login_cgi.c:185]--tmp = cf123421383428122
[2020-08-14 17:29:45]--[src_cgi/login_cgi.c:201]--base64 = AAAAAFpLq2+M47ytLLzwoy3V8ElZ8YDe
[2020-08-14 17:29:45]--[src_cgi/login_cgi.c:303]--token = 3c68561b8f161caeff0938831aec4700
