[2020-08-14 04:01:38]--[src_cgi/md5_cgi.c:40]--mysql:[user=root,pwd=klczxas789,database=cloud_disk][2020-08-14 04:55:47]--[src_cgi/md5_cgi.c:40]--mysql:[user=root,pwd=klczxas789,database=cloud_disk][2020-08-14 05:03:47]--[src_cgi/md5_cgi.c:40]--mysql:[user=root,pwd=klczxas789,database=cloud_disk][2020-08-14 05:26:59]--[src_cgi/md5_cgi.c:339]--buf = {
    "fileName": "logininfoinstance.o",
    "md5": "73289abdbc1abf9e790628a4a384d471",
    "token": "387a06044c4623acf5c03e281bfc5c99",
    "user": "klc112233"
}

[2020-08-14 05:26:59]--[src_cgi/md5_cgi.c:361]--user = klc112233, token = 387a06044c4623acf5c03e281bfc5c99, md5 = 73289abdbc1abf9e790628a4a384d471, filename = logininfoinstance.o
[2020-08-14 05:30:16]--[src_cgi/md5_cgi.c:339]--buf = {
    "fileName": "dataprogress.o",
    "md5": "3c4a23f730e3c94bf6b2df035f1c76f7",
    "token": "a155f739ed5c9b581a51723020822390",
    "user": "klc741789"
}

[2020-08-14 05:30:16]--[src_cgi/md5_cgi.c:361]--user = klc741789, token = a155f739ed5c9b581a51723020822390, md5 = 3c4a23f730e3c94bf6b2df035f1c76f7, filename = dataprogress.o
[2020-08-14 05:30:43]--[src_cgi/md5_cgi.c:339]--buf = {
    "fileName": "main.cpp",
    "md5": "5f2a390a60cb3d51355469fea61efa0b",
    "token": "a155f739ed5c9b581a51723020822390",
    "user": "klc741789"
}

[2020-08-14 05:30:43]--[src_cgi/md5_cgi.c:361]--user = klc741789, token = a155f739ed5c9b581a51723020822390, md5 = 5f2a390a60cb3d51355469fea61efa0b, filename = main.cpp
[2020-08-14 05:32:36]--[src_cgi/md5_cgi.c:339]--buf = {
    "fileName": "img-444aa52aa090a1905366f70b2f3ae91d.jpg",
    "md5": "d5815d3bef4752412a48b712f702c85d",
    "token": "1fc4d257cda61c1dc8f3f343d6b9cfc7",
    "user": "klc741789"
}

[2020-08-14 05:32:36]--[src_cgi/md5_cgi.c:361]--user = klc741789, token = 1fc4d257cda61c1dc8f3f343d6b9cfc7, md5 = d5815d3bef4752412a48b712f702c85d, filename = img-444aa52aa090a1905366f70b2f3ae91d.jpg
[2020-08-14 05:45:06]--[src_cgi/md5_cgi.c:339]--buf = {
    "fileName": "buttongroup.o",
    "md5": "cb384464eb613d654d5129583dacf58b",
    "token": "232a3ed50a7cf62a1af90d30890eb0f7",
    "user": "klc778899"
}

[2020-08-14 05:45:06]--[src_cgi/md5_cgi.c:361]--user = klc778899, token = 232a3ed50a7cf62a1af90d30890eb0f7, md5 = cb384464eb613d654d5129583dacf58b, filename = buttongroup.o
[2020-08-14 05:46:03]--[src_cgi/md5_cgi.c:339]--buf = {
    "fileName": "img-444aa52aa090a1905366f70b2f3ae91d.jpg",
    "md5": "d5815d3bef4752412a48b712f702c85d",
    "token": "66c28fe96cff2a54a064c6e72efeccb0",
    "user": "klc778899"
}

[2020-08-14 05:46:03]--[src_cgi/md5_cgi.c:361]--user = klc778899, token = 66c28fe96cff2a54a064c6e72efeccb0, md5 = d5815d3bef4752412a48b712f702c85d, filename = img-444aa52aa090a1905366f70b2f3ae91d.jpg
[2020-08-14 05:47:00]--[src_cgi/md5_cgi.c:339]--buf = {
    "fileName": "1450013406184.jpeg",
    "md5": "8f46e6450c54ae3604ee4ae8a7dfa861",
    "token": "9ed71bb72ed96bc8c6929b6c800c3b3d",
    "user": "klc123456"
}

[2020-08-14 05:47:00]--[src_cgi/md5_cgi.c:361]--user = klc123456, token = 9ed71bb72ed96bc8c6929b6c800c3b3d, md5 = 8f46e6450c54ae3604ee4ae8a7dfa861, filename = 1450013406184.jpeg
[2020-08-14 05:47:09]--[src_cgi/md5_cgi.c:339]--buf = {
    "fileName": "img-444aa52aa090a1905366f70b2f3ae91d.jpg",
    "md5": "d5815d3bef4752412a48b712f702c85d",
    "token": "9ed71bb72ed96bc8c6929b6c800c3b3d",
    "user": "klc123456"
}

[2020-08-14 05:47:09]--[src_cgi/md5_cgi.c:361]--user = klc123456, token = 9ed71bb72ed96bc8c6929b6c800c3b3d, md5 = d5815d3bef4752412a48b712f702c85d, filename = img-444aa52aa090a1905366f70b2f3ae91d.jpg
[2020-08-14 05:47:18]--[src_cgi/md5_cgi.c:339]--buf = {
    "fileName": "cfg.json",
    "md5": "71a7fd3727f10fd59250ca6fdbf19fb9",
    "token": "9ed71bb72ed96bc8c6929b6c800c3b3d",
    "user": "klc123456"
}

[2020-08-14 05:47:18]--[src_cgi/md5_cgi.c:361]--user = klc123456, token = 9ed71bb72ed96bc8c6929b6c800c3b3d, md5 = 71a7fd3727f10fd59250ca6fdbf19fb9, filename = cfg.json
[2020-08-14 17:28:26]--[src_cgi/md5_cgi.c:40]--mysql:[user=root,pwd=klczxas789,database=cloud_disk]