[2020-08-16 00:12:58]--[src_cgi/myfiles_cgi.c:496]--cmd = count
[2020-08-16 00:12:58]--[src_cgi/myfiles_cgi.c:528]--buf = {
    "token": "e5b11443498b6df85367fd1f026b5528",
    "user": "xx2312345"
}

[2020-08-16 00:12:58]--[src_cgi/myfiles_cgi.c:164]--select count from user_file_count where user="xx2312345" 操作失败
[2020-08-16 00:12:58]--[src_cgi/myfiles_cgi.c:176]--line = 0
[2020-08-16 00:18:01]--[src_cgi/myfiles_cgi.c:496]--cmd = count
[2020-08-16 00:18:01]--[src_cgi/myfiles_cgi.c:528]--buf = {
    "token": "b30787a9405e7311530f6e4c82a59662",
    "user": "xxk2312345"
}

[2020-08-16 00:18:01]--[src_cgi/myfiles_cgi.c:164]--select count from user_file_count where user="xxk2312345" 操作失败
[2020-08-16 00:18:01]--[src_cgi/myfiles_cgi.c:176]--line = 0
[2020-08-16 00:20:39]--[src_cgi/myfiles_cgi.c:496]--cmd = count
[2020-08-16 00:20:39]--[src_cgi/myfiles_cgi.c:528]--buf = {
    "token": "fa36c562707ac01302cb48ba70245b18",
    "user": "xxk12312345"
}

[2020-08-16 00:20:39]--[src_cgi/myfiles_cgi.c:164]--select count from user_file_count where user="xxk12312345" 操作失败
[2020-08-16 00:20:39]--[src_cgi/myfiles_cgi.c:176]--line = 0
[2020-08-16 00:55:21]--[src_cgi/myfiles_cgi.c:496]--cmd = count
[2020-08-16 00:55:21]--[src_cgi/myfiles_cgi.c:528]--buf = {
    "token": "e253c0bf856007d271cc01258c7bcce1",
    "user": "asd123"
}

[2020-08-16 00:55:21]--[src_cgi/myfiles_cgi.c:164]--select count from user_file_count where user="asd123" 操作失败
[2020-08-16 00:55:21]--[src_cgi/myfiles_cgi.c:176]--line = 0
[2020-08-16 01:03:06]--[src_cgi/myfiles_cgi.c:496]--cmd = count
[2020-08-16 01:03:06]--[src_cgi/myfiles_cgi.c:528]--buf = {
    "token": "45d85a501d3f33987b33b16c362c82df",
    "user": "mmm123"
}

[2020-08-16 01:03:06]--[src_cgi/myfiles_cgi.c:164]--select count from user_file_count where user="mmm123" 操作失败
[2020-08-16 01:03:06]--[src_cgi/myfiles_cgi.c:176]--line = 0
[2020-08-16 05:41:01]--[src_cgi/myfiles_cgi.c:40]--mysql:[user=root,pwd=klczxas789,database=cloud_disk][2020-08-16 07:23:23]--[src_cgi/myfiles_cgi.c:40]--mysql:[user=root,pwd=klczxas789,database=cloud_disk][2020-08-16 07:24:50]--[src_cgi/myfiles_cgi.c:496]--cmd = count
[2020-08-16 07:24:50]--[src_cgi/myfiles_cgi.c:528]--buf = {
    "token": "b05e299a56df5fb0f965e062e4af7e05",
    "user": "klc885"
}

[2020-08-16 07:24:51]--[src_cgi/myfiles_cgi.c:164]--select count from user_file_count where user="klc885" 操作失败
[2020-08-16 07:24:51]--[src_cgi/myfiles_cgi.c:176]--line = 0
[2020-08-16 16:40:25]--[src_cgi/myfiles_cgi.c:40]--mysql:[user=root,pwd=klczxas789,database=cloud_disk][2020-08-16 16:45:00]--[src_cgi/myfiles_cgi.c:496]--cmd = count
[2020-08-16 16:45:00]--[src_cgi/myfiles_cgi.c:528]--buf = {
    "token": "feecc3c55daf5a5193640c6a46edba3c",
    "user": "xcv123"
}

[2020-08-16 16:45:00]--[src_cgi/myfiles_cgi.c:164]--select count from user_file_count where user="xcv123" 操作失败
[2020-08-16 16:45:00]--[src_cgi/myfiles_cgi.c:176]--line = 0
[2020-08-16 16:49:42]--[src_cgi/myfiles_cgi.c:496]--cmd = count
[2020-08-16 16:49:42]--[src_cgi/myfiles_cgi.c:528]--buf = {
    "token": "c78fef4658d590f248376ff217911a54",
    "user": "xcv1232"
}

[2020-08-16 16:49:42]--[src_cgi/myfiles_cgi.c:164]--select count from user_file_count where user="xcv1232" 操作失败
[2020-08-16 16:49:42]--[src_cgi/myfiles_cgi.c:176]--line = 0
[2020-08-16 16:53:35]--[src_cgi/myfiles_cgi.c:496]--cmd = count
[2020-08-16 16:53:35]--[src_cgi/myfiles_cgi.c:528]--buf = {
    "token": "3e9c3258458e2573a89a4410ca5c168b",
    "user": "xcv1232"
}

[2020-08-16 16:53:35]--[src_cgi/myfiles_cgi.c:164]--select count from user_file_count where user="xcv1232" 操作失败
[2020-08-16 16:53:35]--[src_cgi/myfiles_cgi.c:176]--line = 0
[2020-08-16 16:58:25]--[src_cgi/myfiles_cgi.c:496]--cmd = count
[2020-08-16 16:58:25]--[src_cgi/myfiles_cgi.c:528]--buf = {
    "token": "303d8cf9dbf65fa4634b005ac4a1997e",
    "user": "xcv1232"
}

[2020-08-16 16:58:25]--[src_cgi/myfiles_cgi.c:164]--select count from user_file_count where user="xcv1232" 操作失败
[2020-08-16 16:58:25]--[src_cgi/myfiles_cgi.c:176]--line = 0
[2020-08-16 17:01:07]--[src_cgi/myfiles_cgi.c:496]--cmd = count
[2020-08-16 17:01:07]--[src_cgi/myfiles_cgi.c:528]--buf = {
    "token": "2dee32bb4a64114f7023189589d1bdaa",
    "user": "xcv1232"
}

[2020-08-16 17:01:07]--[src_cgi/myfiles_cgi.c:164]--select count from user_file_count where user="xcv1232" 操作失败
[2020-08-16 17:01:07]--[src_cgi/myfiles_cgi.c:176]--line = 0
