[2020-08-21 19:07:07:786 - INFO](UploadCgi):LoggerManager created, name is UploadCgi
[2020-08-21 19:07:07:787 - INFO](Config):LoggerManager created, name is Config
[2020-08-21 19:07:07:787 - INFO](CMyRedis):LoggerManager created, name is CMyRedis
[2020-08-21 19:07:07:787 - DEBUG](Config):Config Create!
[2020-08-21 19:07:07:787 - INFO](Config):mysql_host=localhost,mysql_user=root,mysql_passwd=klczxas789,mysql_dbname=cloud_disk
[2020-08-21 19:07:07:787 - INFO](Config):redis_ip=127.0.0.1,redis_port=6379
[2020-08-21 19:07:07:787 - INFO](Config):log4cpp_path=./myprj/upload/conf/log4cpp.conf,log4cpp_expire_time=86400
[2020-08-21 19:07:07:787 - INFO](Config):m_name=conf.json,m_description=This is conf json,m_type=json
[2020-08-21 19:07:07:787 - INFO](Config):dfs_client_path=/etc/fdfs/client.conf
[2020-08-21 19:07:07:787 - INFO](Config):storage_web_server_port=23000
[2020-08-21 19:07:07:787 - INFO](Config):Reading Complete!
[2020-08-21 19:07:07:787 - INFO](UploadCgi):UploadCgi Create!
[2020-08-21 19:08:21:854 - DEBUG](UploadCgi):recSaveFile begin
[2020-08-21 19:08:21:854 - INFO](UploadCgi):file_buf: [------WebKitFormBoundary>P?4>nf1;nFIXUux
Content-Disposition: form-data; user="dv5ee12" filename="1442674828644.jpeg" md5="714dff53d531dc1ab95c1a927306b65e" size=85554
Content-Type: application/octet-stream

د؈]
[2020-08-21 19:08:21:854 - INFO](UploadCgi):boundary: [------WebKitFormBoundary>P?4>nf1;nFIXUux]
[2020-08-21 19:08:21:854 - INFO](UploadCgi):content_text: [Content-Disposition: form-data; user="dv5ee12" filename="1442674828644.jpeg" md5="714dff53d531dc1ab95c1a927306b65e" size=85554]
[2020-08-21 19:08:21:854 - ERROR](UploadCgi):find boundary end error
[2020-08-21 19:08:21:854 - ERROR](UploadCgi):recSaveFile fail
[2020-08-21 19:09:46:376 - INFO](UploadCgi):LoggerManager created, name is UploadCgi
[2020-08-21 19:09:46:376 - INFO](Config):LoggerManager created, name is Config
[2020-08-21 19:09:46:377 - INFO](CMyRedis):LoggerManager created, name is CMyRedis
[2020-08-21 19:09:46:377 - DEBUG](Config):Config Create!
[2020-08-21 19:09:46:377 - INFO](Config):mysql_host=localhost,mysql_user=root,mysql_passwd=klczxas789,mysql_dbname=cloud_disk
[2020-08-21 19:09:46:377 - INFO](Config):redis_ip=127.0.0.1,redis_port=6379
[2020-08-21 19:09:46:377 - INFO](Config):log4cpp_path=./myprj/upload/conf/log4cpp.conf,log4cpp_expire_time=86400
[2020-08-21 19:09:46:377 - INFO](Config):m_name=conf.json,m_description=This is conf json,m_type=json
[2020-08-21 19:09:46:377 - INFO](Config):dfs_client_path=/etc/fdfs/client.conf
[2020-08-21 19:09:46:377 - INFO](Config):storage_web_server_port=23000
[2020-08-21 19:09:46:377 - INFO](Config):Reading Complete!
[2020-08-21 19:09:46:377 - INFO](UploadCgi):UploadCgi Create!
[2020-08-21 19:10:38:712 - INFO](UploadCgi):LoggerManager created, name is UploadCgi
[2020-08-21 19:10:38:712 - INFO](Config):LoggerManager created, name is Config
[2020-08-21 19:10:38:712 - INFO](CMyRedis):LoggerManager created, name is CMyRedis
[2020-08-21 19:10:38:712 - DEBUG](Config):Config Create!
[2020-08-21 19:10:38:712 - INFO](Config):mysql_host=localhost,mysql_user=root,mysql_passwd=klczxas789,mysql_dbname=cloud_disk
[2020-08-21 19:10:38:712 - INFO](Config):redis_ip=127.0.0.1,redis_port=6379
[2020-08-21 19:10:38:712 - INFO](Config):log4cpp_path=./myprj/upload/conf/log4cpp.conf,log4cpp_expire_time=86400
[2020-08-21 19:10:38:712 - INFO](Config):m_name=conf.json,m_description=This is conf json,m_type=json
[2020-08-21 19:10:38:712 - INFO](Config):dfs_client_path=/etc/fdfs/client.conf
[2020-08-21 19:10:38:712 - INFO](Config):storage_web_server_port=23000
[2020-08-21 19:10:38:712 - INFO](Config):Reading Complete!
[2020-08-21 19:10:38:712 - INFO](UploadCgi):UploadCgi Create!
[2020-08-21 19:13:08:439 - INFO](UploadCgi):LoggerManager created, name is UploadCgi
[2020-08-21 19:13:08:439 - INFO](Config):LoggerManager created, name is Config
[2020-08-21 19:13:08:439 - INFO](CMyRedis):LoggerManager created, name is CMyRedis
[2020-08-21 19:13:08:439 - DEBUG](Config):Config Create!
[2020-08-21 19:13:08:439 - INFO](Config):mysql_host=localhost,mysql_user=root,mysql_passwd=klczxas789,mysql_dbname=cloud_disk
[2020-08-21 19:13:08:439 - INFO](Config):redis_ip=127.0.0.1,redis_port=6379
[2020-08-21 19:13:08:439 - INFO](Config):log4cpp_path=./myprj/upload/conf/log4cpp.conf,log4cpp_expire_time=86400
[2020-08-21 19:13:08:439 - INFO](Config):m_name=conf.json,m_description=This is conf json,m_type=json
[2020-08-21 19:13:08:439 - INFO](Config):dfs_client_path=/etc/fdfs/client.conf
[2020-08-21 19:13:08:439 - INFO](Config):storage_web_server_port=23000
[2020-08-21 19:13:08:439 - INFO](Config):Reading Complete!
[2020-08-21 19:13:08:439 - INFO](UploadCgi):UploadCgi Create!
[2020-08-21 19:13:44:353 - DEBUG](UploadCgi):recSaveFile begin
[2020-08-21 19:13:44:354 - INFO](UploadCgi):file_buf: [------WebKitFormBoundary;?L8mZW2JQC2;CGe
Content-Disposition: form-data; user="dv52ee12" filename="libTimeline.so.4" md5="5d8b7c1d44a97fe2e7664b49df7f483c" size=335720
Content-Type: application/octet-stream

ELF]
[2020-08-21 19:13:44:354 - INFO](UploadCgi):boundary: [------WebKitFormBoundary;?L8mZW2JQC2;CGe]
[2020-08-21 19:13:44:354 - INFO](UploadCgi):content_text: [Content-Disposition: form-data; user="dv52ee12" filename="libTimeline.so.4" md5="5d8b7c1d44a97fe2e7664b49df7f483c" size=335720]
[2020-08-21 19:13:44:354 - INFO](UploadCgi):user: [dv52ee12]
[2020-08-21 19:13:44:354 - INFO](UploadCgi):fileName: [libTimeline.so.4]
[2020-08-21 19:13:44:354 - INFO](UploadCgi):md5: [5d8b7c1d44a97fe2e7664b49df7f483c]
[2020-08-21 19:13:44:354 - INFO](UploadCgi):size: [335720]
[2020-08-21 19:13:44:354 - DEBUG](UploadCgi):recSaveFile end
[2020-08-21 19:13:44:354 - INFO](UploadCgi):dv52ee12 upload success [libTimeline.so.4, size:335720 , md5:5d8b7c1d44a97fe2e7664b49df7f483c] to local
[2020-08-21 19:13:44:354 - DEBUG](UploadCgi):uploadToFastDfs begin
[2020-08-21 19:13:44:354 - INFO](UploadCgi):cmdStr:fdfs_upload_file /etc/fdfs/client.conf libTimeline.so.4
[2020-08-21 19:13:44:358 - INFO](UploadCgi):fdfs_upload_file exec return group1/M00/00/00/wKgC5l9Af1iALSQNAAAAAAAAAAA78.so.4

[2020-08-21 19:13:44:358 - DEBUG](UploadCgi):uploadToFastDfs end
[2020-08-21 19:13:44:358 - DEBUG](UploadCgi):makeFileUrl begin
[2020-08-21 19:13:44:358 - INFO](UploadCgi):fileId:group1/M00/00/00/wKgC5l9Af1iALSQNAAAAAAAAAAA78.so.4

[2020-08-21 19:13:44:358 - INFO](UploadCgi):cmdStr:fdfs_file_info /etc/fdfs/client.conf group1/M00/00/00/wKgC5l9Af1iALSQNAAAAAAAAAAA78.so.4

[2020-08-21 19:13:44:361 - INFO](UploadCgi):fdfs_file_info exec return GET FROM SERVER: false

file type: normal
source storage id: 0
source ip address: 192.168.2.230
file create timestamp: 2020-08-21 19:13:44
file size: 0
file crc32: 0 (0x00000000)

[2020-08-21 19:13:44:361 - INFO](UploadCgi):file url is: http://192.168.2.230/group1/M00/00/00/wKgC5l9Af1iALSQNAAAAAAAAAAA78.so.4

[2020-08-21 19:13:44:361 - DEBUG](UploadCgi):makeFileUrl end
[2020-08-21 19:13:44:361 - DEBUG](UploadCgi):storeFileInfoToMysql begin
[2020-08-21 19:13:44:366 - INFO](UploadCgi):sql_insert[insert into file_info (md5, file_id, url, size, type, count) values ('5d8b7c1d44a97fe2e7664b49df7f483c', 'group1/M00/00/00/wKgC5l9Af1iALSQNAAAAAAAAAAA78.so.4
', 'http://192.168.2.230/group1/M00/00/00/wKgC5l9Af1iALSQNAAAAAAAAAAA78.so.4
', '335720', '4', 1)] exec success
[2020-08-21 19:13:44:367 - INFO](UploadCgi):sql_insert[insert into user_file_list(user, md5, createtime, filename, shared_status, pv) values ('dv52ee12', '5d8b7c1d44a97fe2e7664b49df7f483c', '2020-08-21 19:13:44', 'libTimeline.so.4', 0, 0)] exec success
[2020-08-21 19:13:44:367 - INFO](UploadCgi):sql_select[select count from user_file_count where user = 'dv52ee12'] exec success
[2020-08-21 19:13:44:367 - INFO](UploadCgi):sql_update[update user_file_count set count = count +1 where user = 'dv52ee12'] exec success
[2020-08-21 19:13:44:367 - DEBUG](UploadCgi):storeFileInfoToMysql end
[2020-08-21 19:13:44:368 - INFO](UploadCgi):out = {
   "code" : "008"
}

[2020-08-22 00:50:34:818 - INFO](UploadCgi):LoggerManager created, name is UploadCgi
[2020-08-22 00:50:34:819 - INFO](Config):LoggerManager created, name is Config
[2020-08-22 00:50:34:819 - INFO](CMyRedis):LoggerManager created, name is CMyRedis
[2020-08-22 00:50:34:819 - DEBUG](Config):Config Create!
[2020-08-22 00:50:34:819 - INFO](Config):mysql_host=localhost,mysql_user=root,mysql_passwd=klczxas789,mysql_dbname=cloud_disk
[2020-08-22 00:50:34:819 - INFO](Config):redis_ip=127.0.0.1,redis_port=6379
[2020-08-22 00:50:34:819 - INFO](Config):log4cpp_path=./myprj/upload/conf/log4cpp.conf,log4cpp_expire_time=86400
[2020-08-22 00:50:34:819 - INFO](Config):m_name=conf.json,m_description=This is conf json,m_type=json
[2020-08-22 00:50:34:819 - INFO](Config):dfs_client_path=/etc/fdfs/client.conf
[2020-08-22 00:50:34:819 - INFO](Config):storage_web_server_port=23000
[2020-08-22 00:50:34:819 - INFO](Config):Reading Complete!
[2020-08-22 00:50:34:819 - INFO](UploadCgi):UploadCgi Create!
[2020-08-22 00:51:37:787 - INFO](UploadCgi):content_text =[Content-Disposition: form-data; user="kevin" filename="1442674837005.jpeg" md5="e2275e8d9da51d9af951b77c1129d8ee" size=80968]
[2020-08-22 00:51:37:788 - INFO](UploadCgi):user: [kevin]
[2020-08-22 00:51:37:788 - INFO](UploadCgi):fileName: [1442674837005.jpeg]
[2020-08-22 00:51:37:788 - INFO](UploadCgi):md5: [e2275e8d9da51d9af951b77c1129d8ee]
[2020-08-22 00:51:37:788 - INFO](UploadCgi):size: [80968]
[2020-08-22 00:51:37:788 - DEBUG](UploadCgi):uploadToFastDfs begin
[2020-08-22 00:51:37:788 - INFO](UploadCgi):cmdStr:fdfs_upload_file /etc/fdfs/client.conf 1442674837005.jpeg
[2020-08-22 00:51:37:793 - INFO](UploadCgi):fdfs_upload_file exec return group1/M00/00/00/wKgC5l9AzomAXOrYAAE8SHhi4xI06.jpeg

[2020-08-22 00:51:37:793 - DEBUG](UploadCgi):uploadToFastDfs end
[2020-08-22 00:51:37:793 - INFO](UploadCgi):kevin upload success [1442674837005.jpeg, size:80968 , md5:e2275e8d9da51d9af951b77c1129d8ee] to local
[2020-08-22 00:51:37:793 - DEBUG](UploadCgi):makeFileUrl begin
[2020-08-22 00:51:37:793 - INFO](UploadCgi):fileId:group1/M00/00/00/wKgC5l9AzomAXOrYAAE8SHhi4xI06.jpeg

[2020-08-22 00:51:37:793 - INFO](UploadCgi):cmdStr:fdfs_file_info /etc/fdfs/client.conf group1/M00/00/00/wKgC5l9AzomAXOrYAAE8SHhi4xI06.jpeg

[2020-08-22 00:51:37:796 - INFO](UploadCgi):fdfs_file_info exec return GET FROM SERVER: false

file type: normal
source storage id: 0
source ip address: 192.168.2.230
file create timestamp: 2020-08-22 00:51:37
file size: 80968
file crc32: 2019746578 (0x7862e312)

[2020-08-22 00:51:37:796 - INFO](UploadCgi):file url is: http://192.168.2.230/group1/M00/00/00/wKgC5l9AzomAXOrYAAE8SHhi4xI06.jpeg

[2020-08-22 00:51:37:797 - DEBUG](UploadCgi):makeFileUrl end
[2020-08-22 00:51:37:797 - DEBUG](UploadCgi):storeFileInfoToMysql begin
[2020-08-22 00:51:37:801 - INFO](UploadCgi):sql_insert[insert into file_info (md5, file_id, url, size, type, count) values ('e2275e8d9da51d9af951b77c1129d8ee', 'group1/M00/00/00/wKgC5l9AzomAXOrYAAE8SHhi4xI06.jpeg
', 'http://192.168.2.230/group1/M00/00/00/wKgC5l9AzomAXOrYAAE8SHhi4xI06.jpeg
', '80968', 'jpeg', 1)] exec success
[2020-08-22 00:51:37:802 - INFO](UploadCgi):sql_insert[insert into user_file_list(user, md5, createtime, filename, shared_status, pv) values ('kevin', 'e2275e8d9da51d9af951b77c1129d8ee', '2020-08-22 00:51:37', '1442674837005.jpeg', 0, 0)] exec success
[2020-08-22 00:51:37:802 - INFO](UploadCgi):sql_select[select count from user_file_count where user = 'kevin'] exec success
[2020-08-22 00:51:37:803 - INFO](UploadCgi):sql_update[ insert into user_file_count (user, count) values('kevin', 1)] exec success
[2020-08-22 00:51:37:803 - DEBUG](UploadCgi):storeFileInfoToMysql end
[2020-08-22 00:51:37:803 - INFO](UploadCgi):out = {
   "code" : "008"
}

[2020-08-22 00:51:46:272 - INFO](UploadCgi):content_text =[Content-Disposition: form-data; user="kevin" filename="cfg.json" md5="71a7fd3727f10fd59250ca6fdbf19fb9" size=224]
[2020-08-22 00:51:46:272 - INFO](UploadCgi):user: [kevin]
[2020-08-22 00:51:46:272 - INFO](UploadCgi):fileName: [cfg.json]
[2020-08-22 00:51:46:272 - INFO](UploadCgi):md5: [71a7fd3727f10fd59250ca6fdbf19fb9]
[2020-08-22 00:51:46:272 - INFO](UploadCgi):size: [224]
[2020-08-22 00:51:46:272 - DEBUG](UploadCgi):uploadToFastDfs begin
[2020-08-22 00:51:46:272 - INFO](UploadCgi):cmdStr:fdfs_upload_file /etc/fdfs/client.conf cfg.json
[2020-08-22 00:51:46:276 - INFO](UploadCgi):fdfs_upload_file exec return group1/M00/00/00/wKgC5l9AzpKARHleAAAA4BkVae488.json

[2020-08-22 00:51:46:276 - DEBUG](UploadCgi):uploadToFastDfs end
[2020-08-22 00:51:46:277 - INFO](UploadCgi):kevin upload success [cfg.json, size:224 , md5:71a7fd3727f10fd59250ca6fdbf19fb9] to local
[2020-08-22 00:51:46:277 - DEBUG](UploadCgi):makeFileUrl begin
[2020-08-22 00:51:46:277 - INFO](UploadCgi):fileId:group1/M00/00/00/wKgC5l9AzpKARHleAAAA4BkVae488.json

[2020-08-22 00:51:46:277 - INFO](UploadCgi):cmdStr:fdfs_file_info /etc/fdfs/client.conf group1/M00/00/00/wKgC5l9AzpKARHleAAAA4BkVae488.json

[2020-08-22 00:51:46:280 - INFO](UploadCgi):fdfs_file_info exec return GET FROM SERVER: false

file type: normal
source storage id: 0
source ip address: 192.168.2.230
file create timestamp: 2020-08-22 00:51:46
file size: 224
file crc32: 420833774 (0x191569ee)

[2020-08-22 00:51:46:280 - INFO](UploadCgi):file url is: http://192.168.2.230/group1/M00/00/00/wKgC5l9AzpKARHleAAAA4BkVae488.json

[2020-08-22 00:51:46:280 - DEBUG](UploadCgi):makeFileUrl end
[2020-08-22 00:51:46:280 - DEBUG](UploadCgi):storeFileInfoToMysql begin
[2020-08-22 00:51:46:283 - INFO](UploadCgi):sql_insert[insert into file_info (md5, file_id, url, size, type, count) values ('71a7fd3727f10fd59250ca6fdbf19fb9', 'group1/M00/00/00/wKgC5l9AzpKARHleAAAA4BkVae488.json
', 'http://192.168.2.230/group1/M00/00/00/wKgC5l9AzpKARHleAAAA4BkVae488.json
', '224', 'json', 1)] exec success
[2020-08-22 00:51:46:286 - INFO](UploadCgi):sql_insert[insert into user_file_list(user, md5, createtime, filename, shared_status, pv) values ('kevin', '71a7fd3727f10fd59250ca6fdbf19fb9', '2020-08-22 00:51:46', 'cfg.json', 0, 0)] exec success
[2020-08-22 00:51:46:287 - INFO](UploadCgi):sql_select[select count from user_file_count where user = 'kevin'] exec success
[2020-08-22 00:51:46:287 - INFO](UploadCgi):sql_update[update user_file_count set count = count +1 where user = 'kevin'] exec success
[2020-08-22 00:51:46:287 - DEBUG](UploadCgi):storeFileInfoToMysql end
[2020-08-22 00:51:46:287 - INFO](UploadCgi):out = {
   "code" : "008"
}

[2020-08-22 00:58:28:529 - INFO](UploadCgi):LoggerManager created, name is UploadCgi
[2020-08-22 00:58:28:529 - INFO](Config):LoggerManager created, name is Config
[2020-08-22 00:58:28:529 - INFO](CMyRedis):LoggerManager created, name is CMyRedis
[2020-08-22 00:58:28:529 - DEBUG](Config):Config Create!
[2020-08-22 00:58:28:529 - INFO](Config):mysql_host=localhost,mysql_user=root,mysql_passwd=klczxas789,mysql_dbname=cloud_disk
[2020-08-22 00:58:28:529 - INFO](Config):redis_ip=127.0.0.1,redis_port=6379
[2020-08-22 00:58:28:529 - INFO](Config):log4cpp_path=./myprj/upload/conf/log4cpp.conf,log4cpp_expire_time=86400
[2020-08-22 00:58:28:529 - INFO](Config):m_name=conf.json,m_description=This is conf json,m_type=json
[2020-08-22 00:58:28:529 - INFO](Config):dfs_client_path=/etc/fdfs/client.conf
[2020-08-22 00:58:28:529 - INFO](Config):storage_web_server_port=23000
[2020-08-22 00:58:28:529 - INFO](Config):Reading Complete!
[2020-08-22 00:58:28:529 - INFO](UploadCgi):UploadCgi Create!
[2020-08-22 00:58:37:841 - INFO](UploadCgi):content_text =[Content-Disposition: form-data; user="kevin" filename="img-c5b3a389f1b7a2ffbe0402275e10a523.jpg" md5="10b1f9aeb6e993fb6e9dd1a60ca27c8c" size=20136]
[2020-08-22 00:58:37:841 - INFO](UploadCgi):user: [kevin]
[2020-08-22 00:58:37:841 - INFO](UploadCgi):fileName: [img-c5b3a389f1b7a2ffbe0402275e10a523.jpg]
[2020-08-22 00:58:37:841 - INFO](UploadCgi):md5: [10b1f9aeb6e993fb6e9dd1a60ca27c8c]
[2020-08-22 00:58:37:841 - INFO](UploadCgi):size: [20136]
[2020-08-22 00:58:37:841 - DEBUG](UploadCgi):uploadToFastDfs begin
[2020-08-22 00:58:37:841 - INFO](UploadCgi):cmdStr:fdfs_upload_file /etc/fdfs/client.conf img-c5b3a389f1b7a2ffbe0402275e10a523.jpg
[2020-08-22 00:58:37:847 - INFO](UploadCgi):fdfs_upload_file exec return group1/M00/00/00/wKgC5l9A0C2AJJW-AABOqI1hPm0209.jpg

[2020-08-22 00:58:37:847 - DEBUG](UploadCgi):uploadToFastDfs end
[2020-08-22 00:58:37:847 - INFO](UploadCgi):kevin upload success [img-c5b3a389f1b7a2ffbe0402275e10a523.jpg, size:20136 , md5:10b1f9aeb6e993fb6e9dd1a60ca27c8c] to local
[2020-08-22 00:58:37:847 - DEBUG](UploadCgi):makeFileUrl begin
[2020-08-22 00:58:37:847 - INFO](UploadCgi):fileId:group1/M00/00/00/wKgC5l9A0C2AJJW-AABOqI1hPm0209.jpg

[2020-08-22 00:58:37:847 - INFO](UploadCgi):cmdStr:fdfs_file_info /etc/fdfs/client.conf group1/M00/00/00/wKgC5l9A0C2AJJW-AABOqI1hPm0209.jpg

[2020-08-22 00:58:37:850 - INFO](UploadCgi):fdfs_file_info exec return GET FROM SERVER: false

file type: normal
source storage id: 0
source ip address: 192.168.2.230
file create timestamp: 2020-08-22 00:58:37
file size: 20136
file crc32: -1923006867 (0x8d613e6d)

[2020-08-22 00:58:37:850 - INFO](UploadCgi):file url is: http://192.168.2.230/group1/M00/00/00/wKgC5l9A0C2AJJW-AABOqI1hPm0209.jpg

[2020-08-22 00:58:37:850 - DEBUG](UploadCgi):makeFileUrl end
[2020-08-22 00:58:37:850 - DEBUG](UploadCgi):storeFileInfoToMysql begin
[2020-08-22 00:58:37:854 - INFO](UploadCgi):sql_insert[insert into file_info (md5, file_id, url, size, type, count) values ('10b1f9aeb6e993fb6e9dd1a60ca27c8c', 'group1/M00/00/00/wKgC5l9A0C2AJJW-AABOqI1hPm0209.jpg
', 'http://192.168.2.230/group1/M00/00/00/wKgC5l9A0C2AJJW-AABOqI1hPm0209.jpg
', '20136', 'jpg', 1)] exec success
[2020-08-22 00:58:37:855 - INFO](UploadCgi):sql_insert[insert into user_file_list(user, md5, createtime, filename, shared_status, pv) values ('kevin', '10b1f9aeb6e993fb6e9dd1a60ca27c8c', '2020-08-22 00:58:37', 'img-c5b3a389f1b7a2ffbe0402275e10a523.jpg', 0, 0)] exec success
[2020-08-22 00:58:37:855 - INFO](UploadCgi):sql_select[select count from user_file_count where user = 'kevin'] exec success
[2020-08-22 00:58:37:856 - INFO](UploadCgi):sql_update[update user_file_count set count = count +1 where user = 'kevin'] exec success
[2020-08-22 00:58:37:856 - DEBUG](UploadCgi):storeFileInfoToMysql end
[2020-08-22 00:58:37:856 - INFO](UploadCgi):out = {
   "code" : "008"
}

