[2020-09-05 21:13:39:116 - INFO](RegisterCgi):LoggerManager created, name is RegisterCgi
[2020-09-05 21:13:39:116 - INFO](Config):LoggerManager created, name is Config
[2020-09-05 21:13:39:116 - INFO](CMyRedis):LoggerManager created, name is CMyRedis
[2020-09-05 21:13:39:116 - DEBUG](Config):Config Create!
[2020-09-05 21:13:39:116 - INFO](Config):mysql_host=localhost,mysql_user=root,mysql_passwd=klczxas789,mysql_dbname=cloud_disk
[2020-09-05 21:13:39:116 - INFO](Config):redis_ip=127.0.0.1,redis_port=6379
[2020-09-05 21:13:39:116 - INFO](Config):log4cpp_path=./myprj/upload/conf/log4cpp.conf,log4cpp_expire_time=86400
[2020-09-05 21:13:39:116 - INFO](Config):m_name=conf.json,m_description=This is conf json,m_type=json
[2020-09-05 21:13:39:116 - INFO](Config):dfs_client_path=/etc/fdfs/client.conf
[2020-09-05 21:13:39:116 - INFO](Config):storage_web_server_port=23000
[2020-09-05 21:13:39:116 - INFO](Config):Reading Complete!
[2020-09-05 21:13:39:116 - INFO](RegisterCgi):RegisterCgi Create!
[2020-09-05 21:13:56:694 - INFO](RegisterCgi):buf = {
    "email": "abc@qq.com",
    "firstPwd": "e10adc3949ba59abbe56e057f20f883e",
    "nickName": "kevin",
    "phone": "11111111111",
    "userName": "kevin"
}

[2020-09-05 21:13:56:694 - DEBUG](RegisterCgi):userReg begin
[2020-09-05 21:13:56:697 - DEBUG](RegisterCgi):getRegInfo begin
[2020-09-05 21:13:56:697 - INFO](RegisterCgi):user=kevin,nickName=kevin,pwd=e10adc3949ba59abbe56e057f20f883e,phone=11111111111,email=abc@qq.com
[2020-09-05 21:13:56:697 - INFO](RegisterCgi):Reading Complete!
[2020-09-05 21:13:56:697 - DEBUG](RegisterCgi):getRegInfo end
[2020-09-05 21:13:56:845 - INFO](RegisterCgi):sql_str:[select * from user where name = 'kevin'] exec success,user kevin is not exist
[2020-09-05 21:13:56:870 - INFO](RegisterCgi):sql_str:[insert into user (name, nickname, password, phone, createtime, email) values     ('kevin', 'kevin', 'e10adc3949ba59abbe56e057f20f883e', '11111111111', '2020-09-05 21:13:56', 'abc@qq.com')] exec success!
[2020-09-05 21:13:56:870 - DEBUG](RegisterCgi):userReg end
[2020-09-05 21:13:56:870 - INFO](RegisterCgi):out = {
   "code" : "002"
}

