2020-06-25 21:10:53 build so file begin
2020-06-25 21:10:53 build jsoncpp so begin
2020-06-25 21:10:58 build jsoncpp so end
2020-06-25 21:10:58 cp jsoncpp include and so begin
2020-06-25 21:10:58 cp jsoncpp include and so end
2020-06-25 21:10:58 build tinyxml so begin
2020-06-25 21:11:04 build tinyxml so end
2020-06-25 21:11:04 cp jsoncpp include and so begin
2020-06-25 21:11:04 cp jsoncpp include and so end
2020-06-25 21:11:04 build so file end
2020-06-25 21:11:04 clean generate file
2020-06-25 21:11:21 build so file begin
2020-06-25 21:11:21 build jsoncpp so begin
2020-06-25 21:11:25 build jsoncpp so end
2020-06-25 21:11:26 cp jsoncpp include and so begin
2020-06-25 21:11:26 cp jsoncpp include and so end
2020-06-25 21:11:26 build tinyxml so begin
2020-06-25 21:11:27 build tinyxml so end
2020-06-25 21:11:27 cp jsoncpp include and so begin
2020-06-25 21:11:27 cp jsoncpp include and so end
2020-06-25 21:11:27 build so file end
2020-06-25 21:11:27 clean generate file
2020-06-25 21:13:20 build so file begin
2020-06-25 21:13:20 build jsoncpp so begin
2020-06-25 21:13:25 build jsoncpp so end
2020-06-25 21:13:25 cp jsoncpp include and so begin
2020-06-25 21:13:25 cp jsoncpp include and so end
2020-06-25 21:13:25 build tinyxml so begin
2020-06-25 21:13:27 build tinyxml so end
2020-06-25 21:13:27 cp jsoncpp include and so begin
2020-06-25 21:13:27 cp jsoncpp include and so end
2020-06-25 21:13:27 build so file end
2020-06-25 21:13:27 clean generate file
2020-06-25 21:13:55 build so file begin
2020-06-25 21:13:55 build jsoncpp so begin
2020-06-25 21:13:59 build jsoncpp so end
2020-06-25 21:13:59 cp jsoncpp include and so begin
2020-06-25 21:13:59 cp jsoncpp include and so end
2020-06-25 21:13:59 build tinyxml so begin
2020-06-25 21:14:01 build tinyxml so end
2020-06-25 21:14:01 cp jsoncpp include and so begin
2020-06-25 21:14:01 cp jsoncpp include and so end
2020-06-25 21:14:01 build so file end
2020-06-25 21:14:01 clean generate file
2020-06-25 21:49:26 build so file begin
2020-06-25 21:49:26 build jsoncpp so begin
2020-06-25 21:49:31 build jsoncpp so end
2020-06-25 21:49:31 cp jsoncpp include and so begin
2020-06-25 21:49:31 cp jsoncpp include and so end
2020-06-25 21:49:31 build tinyxml so begin
2020-06-25 21:49:32 build tinyxml so end
2020-06-25 21:49:32 cp jsoncpp include and so begin
2020-06-25 21:49:32 cp jsoncpp include and so end
2020-06-25 21:49:32 build so file end
2020-06-25 21:49:32 clean generate file
2020-07-15 05:00:11 build so file begin
2020-07-15 05:00:11 build jsoncpp so begin
2020-07-15 05:00:21 build jsoncpp so end
2020-07-15 05:00:21 cp jsoncpp include and so begin
2020-07-15 05:00:21 cp jsoncpp include and so end
2020-07-15 05:00:21 build tinyxml so begin
2020-07-15 05:00:23 build tinyxml so end
2020-07-15 05:00:23 cp jsoncpp include and so begin
2020-07-15 05:00:23 cp jsoncpp include and so end
2020-07-15 05:00:23 build so file end
2020-07-15 05:00:23 clean generate file
2020-07-15 05:03:41 build so file begin
2020-07-15 05:03:41 build jsoncpp so begin
2020-07-15 05:03:46 build jsoncpp so end
2020-07-15 05:03:46 cp jsoncpp include and so begin
2020-07-15 05:03:46 cp jsoncpp include and so end
2020-07-15 05:03:46 build tinyxml so begin
2020-07-15 05:03:48 build tinyxml so end
2020-07-15 05:03:48 cp jsoncpp include and so begin
2020-07-15 05:03:48 cp jsoncpp include and so end
2020-07-15 05:03:48 build so file end
2020-07-15 05:03:48 clean generate file
2020-07-15 05:09:14 build so file begin
2020-07-15 05:09:14 build jsoncpp so begin
2020-07-15 05:09:19 build jsoncpp so end
2020-07-15 05:09:19 cp jsoncpp include and so begin
2020-07-15 05:09:19 cp jsoncpp include and so end
2020-07-15 05:09:19 build tinyxml so begin
2020-07-15 05:09:21 build tinyxml so end
2020-07-15 05:09:21 cp jsoncpp include and so begin
2020-07-15 05:09:21 cp jsoncpp include and so end
2020-07-15 05:09:21 build so file end
2020-07-15 05:09:21 clean generate file
2020-07-15 05:09:49 build so file begin
2020-07-15 05:09:49 build jsoncpp so begin
2020-07-15 05:09:54 build jsoncpp so end
2020-07-15 05:09:54 cp jsoncpp include and so begin
2020-07-15 05:09:54 cp jsoncpp include and so end
2020-07-15 05:09:54 build tinyxml so begin
2020-07-15 05:09:56 build tinyxml so end
2020-07-15 05:09:56 cp jsoncpp include and so begin
2020-07-15 05:09:56 cp jsoncpp include and so end
2020-07-15 05:09:56 build so file end
2020-07-15 05:09:56 clean generate file
2020-07-15 05:14:29 build so file begin
2020-07-15 05:14:29 build jsoncpp so begin
2020-07-15 05:14:33 build jsoncpp so end
2020-07-15 05:14:33 cp jsoncpp include and so begin
2020-07-15 05:14:33 cp jsoncpp include and so end
2020-07-15 05:14:33 build tinyxml so begin
2020-07-15 05:14:35 build tinyxml so end
2020-07-15 05:14:35 cp jsoncpp include and so begin
2020-07-15 05:14:35 cp jsoncpp include and so end
2020-07-15 05:14:35 build so file end
2020-07-15 05:14:35 clean generate file
2020-07-15 05:15:12 build so file begin
2020-07-15 05:15:12 build jsoncpp so begin
2020-07-15 05:15:17 build jsoncpp so end
2020-07-15 05:15:17 cp jsoncpp include and so begin
2020-07-15 05:15:17 cp jsoncpp include and so end
2020-07-15 05:15:17 build tinyxml so begin
2020-07-15 05:15:18 build tinyxml so end
2020-07-15 05:15:18 cp jsoncpp include and so begin
2020-07-15 05:15:18 cp jsoncpp include and so end
2020-07-15 05:15:18 build so file end
2020-07-15 05:15:18 clean generate file
2020-07-15 05:16:46 build so file begin
2020-07-15 05:16:46 build jsoncpp so begin
2020-07-15 05:16:52 build jsoncpp so end
2020-07-15 05:16:52 cp jsoncpp include and so begin
2020-07-15 05:16:52 cp jsoncpp include and so end
2020-07-15 05:16:52 build tinyxml so begin
2020-07-15 05:16:54 build tinyxml so end
2020-07-15 05:16:54 cp jsoncpp include and so begin
2020-07-15 05:16:54 cp jsoncpp include and so end
2020-07-15 05:16:54 build so file end
2020-07-15 05:16:54 clean generate file
2020-07-15 05:26:58 build so file begin
2020-07-15 05:26:58 build jsoncpp so begin
2020-07-15 05:27:02 build jsoncpp so end
2020-07-15 05:27:02 cp jsoncpp include and so begin
2020-07-15 05:27:02 cp jsoncpp include and so end
2020-07-15 05:27:02 build tinyxml so begin
2020-07-15 05:27:04 build tinyxml so end
2020-07-15 05:27:04 cp jsoncpp include and so begin
2020-07-15 05:27:04 cp jsoncpp include and so end
2020-07-15 05:27:04 build so file end
2020-07-15 05:27:04 clean generate file
2020-07-15 05:27:55 build so file begin
2020-07-15 05:27:55 build jsoncpp so begin
2020-07-15 05:28:00 build jsoncpp so end
2020-07-15 05:28:00 cp jsoncpp include and so begin
2020-07-15 05:28:00 cp jsoncpp include and so end
2020-07-15 05:28:00 build tinyxml so begin
2020-07-15 05:28:01 build tinyxml so end
2020-07-15 05:28:01 cp jsoncpp include and so begin
2020-07-15 05:28:01 cp jsoncpp include and so end
2020-07-15 05:28:01 build so file end
2020-07-15 05:28:01 clean generate file
2020-07-15 05:34:52 build so file begin
2020-07-15 05:34:52 build jsoncpp so begin
2020-07-15 05:34:57 build jsoncpp so end
2020-07-15 05:34:57 cp jsoncpp include and so begin
2020-07-15 05:34:57 cp jsoncpp include and so end
2020-07-15 05:34:57 build tinyxml so begin
2020-07-15 05:34:59 build tinyxml so end
2020-07-15 05:34:59 cp jsoncpp include and so begin
2020-07-15 05:34:59 cp jsoncpp include and so end
2020-07-15 05:34:59 build so file end
2020-07-15 05:34:59 clean generate file
2020-07-15 06:07:37 build so file begin
2020-07-15 06:07:37 build jsoncpp so begin
2020-07-15 06:07:42 build jsoncpp so end
2020-07-15 06:07:42 cp jsoncpp include and so begin
2020-07-15 06:07:42 cp jsoncpp include and so end
2020-07-15 06:07:42 build tinyxml so begin
2020-07-15 06:07:44 build tinyxml so end
2020-07-15 06:07:44 cp jsoncpp include and so begin
2020-07-15 06:07:44 cp jsoncpp include and so end
2020-07-15 06:07:44 build so file end
2020-07-15 06:07:44 clean generate file
2020-07-15 06:09:06 build so file begin
2020-07-15 06:09:06 build jsoncpp so begin
2020-07-15 06:09:13 build jsoncpp so end
2020-07-15 06:09:13 cp jsoncpp include and so begin
2020-07-15 06:09:13 cp jsoncpp include and so end
2020-07-15 06:09:13 build tinyxml so begin
2020-07-15 06:09:15 build tinyxml so end
2020-07-15 06:09:15 cp jsoncpp include and so begin
2020-07-15 06:09:15 cp jsoncpp include and so end
2020-07-15 06:09:15 build so file end
2020-07-15 06:09:15 clean generate file
2020-07-15 06:32:02 build so file begin
2020-07-15 06:32:02 build jsoncpp so begin
2020-07-15 06:32:10 build jsoncpp so end
2020-07-15 06:32:10 cp jsoncpp include and so begin
2020-07-15 06:32:10 cp jsoncpp include and so end
2020-07-15 06:32:10 build tinyxml so begin
2020-07-15 06:32:13 build tinyxml so end
2020-07-15 06:32:13 cp jsoncpp include and so begin
2020-07-15 06:32:13 cp jsoncpp include and so end
2020-07-15 06:32:13 build so file end
2020-07-15 06:32:13 clean generate file
2020-07-15 06:32:34 build so file begin
2020-07-15 06:32:34 build jsoncpp so begin
2020-07-15 06:32:39 build jsoncpp so end
2020-07-15 06:32:39 cp jsoncpp include and so begin
2020-07-15 06:32:39 cp jsoncpp include and so end
2020-07-15 06:32:39 build tinyxml so begin
2020-07-15 06:32:42 build tinyxml so end
2020-07-15 06:32:42 cp jsoncpp include and so begin
2020-07-15 06:32:42 cp jsoncpp include and so end
2020-07-15 06:32:42 build so file end
2020-07-15 06:32:42 clean generate file
2020-07-18 22:05:29 build so file begin
2020-07-18 22:05:29 build jsoncpp so begin
2020-07-18 22:05:39 build jsoncpp so end
2020-07-18 22:05:39 cp jsoncpp include and so begin
2020-07-18 22:05:39 cp jsoncpp include and so end
2020-07-18 22:05:39 build tinyxml so begin
2020-07-18 22:05:41 build tinyxml so end
2020-07-18 22:05:41 cp jsoncpp include and so begin
2020-07-18 22:05:41 cp jsoncpp include and so end
2020-07-18 22:05:41 build so file end
2020-07-18 22:05:41 clean generate file
2020-07-18 22:14:18 build so file begin
2020-07-18 22:14:18 build jsoncpp so begin
2020-07-18 22:14:23 build jsoncpp so end
2020-07-18 22:14:23 cp jsoncpp include and so begin
2020-07-18 22:14:23 cp jsoncpp include and so end
2020-07-18 22:14:23 build tinyxml so begin
2020-07-18 22:14:24 build tinyxml so end
2020-07-18 22:14:24 cp jsoncpp include and so begin
2020-07-18 22:14:24 cp jsoncpp include and so end
2020-07-18 22:14:24 build so file end
2020-07-18 22:14:24 clean generate file
2020-07-18 22:20:21 build so file begin
2020-07-18 22:20:21 build jsoncpp so begin
2020-07-18 22:20:25 build jsoncpp so end
2020-07-18 22:20:25 cp jsoncpp include and so begin
2020-07-18 22:20:25 cp jsoncpp include and so end
2020-07-18 22:20:25 build tinyxml so begin
2020-07-18 22:20:27 build tinyxml so end
2020-07-18 22:20:27 cp jsoncpp include and so begin
2020-07-18 22:20:27 cp jsoncpp include and so end
2020-07-18 22:20:27 build so file end
2020-07-18 22:20:27 clean generate file
2020-07-18 22:25:35 build so file begin
2020-07-18 22:25:35 build jsoncpp so begin
2020-07-18 22:25:40 build jsoncpp so end
2020-07-18 22:25:40 cp jsoncpp include and so begin
2020-07-18 22:25:40 cp jsoncpp include and so end
2020-07-18 22:25:40 build tinyxml so begin
2020-07-18 22:25:41 build tinyxml so end
2020-07-18 22:25:41 cp jsoncpp include and so begin
2020-07-18 22:25:41 cp jsoncpp include and so end
2020-07-18 22:25:41 build so file end
2020-07-18 22:25:41 clean generate file
2020-07-18 22:32:15 build so file begin
2020-07-18 22:32:15 build jsoncpp so begin
2020-07-18 22:32:20 build jsoncpp so end
2020-07-18 22:32:20 cp jsoncpp include and so begin
2020-07-18 22:32:20 cp jsoncpp include and so end
2020-07-18 22:32:20 build tinyxml so begin
2020-07-18 22:32:21 build tinyxml so end
2020-07-18 22:32:21 cp jsoncpp include and so begin
2020-07-18 22:32:21 cp jsoncpp include and so end
2020-07-18 22:32:21 build so file end
2020-07-18 22:32:21 clean generate file
2020-07-18 22:45:20 build so file begin
2020-07-18 22:45:20 build jsoncpp so begin
2020-07-18 22:45:24 build jsoncpp so end
2020-07-18 22:45:24 cp jsoncpp include and so begin
2020-07-18 22:45:24 cp jsoncpp include and so end
2020-07-18 22:45:24 build tinyxml so begin
2020-07-18 22:45:26 build tinyxml so end
2020-07-18 22:45:26 cp jsoncpp include and so begin
2020-07-18 22:45:26 cp jsoncpp include and so end
2020-07-18 22:45:26 build so file end
2020-07-18 22:45:26 clean generate file
2020-07-18 22:46:20 build so file begin
2020-07-18 22:46:20 build jsoncpp so begin
2020-07-18 22:46:24 build jsoncpp so end
2020-07-18 22:46:24 cp jsoncpp include and so begin
2020-07-18 22:46:24 cp jsoncpp include and so end
2020-07-18 22:46:24 build tinyxml so begin
2020-07-18 22:46:26 build tinyxml so end
2020-07-18 22:46:26 cp jsoncpp include and so begin
2020-07-18 22:46:26 cp jsoncpp include and so end
2020-07-18 22:46:26 build so file end
2020-07-18 22:46:26 clean generate file
