2020-06-25 21:10:53 build so file begin
2020-06-25 21:10:53 build jsoncpp so begin
2020-06-25 21:10:58 build jsoncpp so end
2020-06-25 21:10:58 cp jsoncpp include and so begin
2020-06-25 21:10:58 cp jsoncpp include and so end
2020-06-25 21:10:58 build tinyxml so begin
2020-06-25 21:11:04 build tinyxml so end
2020-06-25 21:11:04 cp jsoncpp include and so begin
2020-06-25 21:11:04 cp jsoncpp include and so end
2020-06-25 21:11:04 build so file end
2020-06-25 21:11:04 clean generate file
2020-06-25 21:11:21 build so file begin
2020-06-25 21:11:21 build jsoncpp so begin
2020-06-25 21:11:25 build jsoncpp so end
2020-06-25 21:11:26 cp jsoncpp include and so begin
2020-06-25 21:11:26 cp jsoncpp include and so end
2020-06-25 21:11:26 build tinyxml so begin
2020-06-25 21:11:27 build tinyxml so end
2020-06-25 21:11:27 cp jsoncpp include and so begin
2020-06-25 21:11:27 cp jsoncpp include and so end
2020-06-25 21:11:27 build so file end
2020-06-25 21:11:27 clean generate file
2020-06-25 21:13:20 build so file begin
2020-06-25 21:13:20 build jsoncpp so begin
2020-06-25 21:13:25 build jsoncpp so end
2020-06-25 21:13:25 cp jsoncpp include and so begin
2020-06-25 21:13:25 cp jsoncpp include and so end
2020-06-25 21:13:25 build tinyxml so begin
2020-06-25 21:13:27 build tinyxml so end
2020-06-25 21:13:27 cp jsoncpp include and so begin
2020-06-25 21:13:27 cp jsoncpp include and so end
2020-06-25 21:13:27 build so file end
2020-06-25 21:13:27 clean generate file
2020-06-25 21:13:55 build so file begin
2020-06-25 21:13:55 build jsoncpp so begin
2020-06-25 21:13:59 build jsoncpp so end
2020-06-25 21:13:59 cp jsoncpp include and so begin
2020-06-25 21:13:59 cp jsoncpp include and so end
2020-06-25 21:13:59 build tinyxml so begin
2020-06-25 21:14:01 build tinyxml so end
2020-06-25 21:14:01 cp jsoncpp include and so begin
2020-06-25 21:14:01 cp jsoncpp include and so end
2020-06-25 21:14:01 build so file end
2020-06-25 21:14:01 clean generate file
2020-06-25 21:49:26 build so file begin
2020-06-25 21:49:26 build jsoncpp so begin
2020-06-25 21:49:31 build jsoncpp so end
2020-06-25 21:49:31 cp jsoncpp include and so begin
2020-06-25 21:49:31 cp jsoncpp include and so end
2020-06-25 21:49:31 build tinyxml so begin
2020-06-25 21:49:32 build tinyxml so end
2020-06-25 21:49:32 cp jsoncpp include and so begin
2020-06-25 21:49:32 cp jsoncpp include and so end
2020-06-25 21:49:32 build so file end
2020-06-25 21:49:32 clean generate file
