[2020-08-14 17:15:58]--[/home/MyPrj_V13/myprj/dealfile/source/dealfile_cgi.c:42]--mysql:[user=,pwd=,database=][2020-08-14 17:15:58]--[/home/MyPrj_V13/myprj/dealfile/source/dealfile_cgi.c:47]--redis:[ip=,port=]
[2020-08-14 17:22:06]--[/home/MyPrj_V13/myprj/dealfile/source/dealfile_cgi.c:42]--mysql:[user=,pwd=,database=][2020-08-14 17:22:06]--[/home/MyPrj_V13/myprj/dealfile/source/dealfile_cgi.c:47]--redis:[ip=,port=]
[2020-08-14 17:22:06]--[/home/MyPrj_V13/myprj/dealsharefile/source/dealfile_cgi.c:42]--mysql:[user=,pwd=,database=][2020-08-14 17:22:06]--[/home/MyPrj_V13/myprj/dealsharefile/source/dealfile_cgi.c:47]--redis:[ip=,port=]
[2020-08-14 17:30:25]--[/home/MyPrj_V13/myprj/dealfile/source/dealfile_cgi.c:42]--mysql:[user=,pwd=,database=][2020-08-14 17:30:25]--[/home/MyPrj_V13/myprj/dealfile/source/dealfile_cgi.c:47]--redis:[ip=,port=]
[2020-08-14 17:30:25]--[/home/MyPrj_V13/myprj/dealsharefile/source/dealfile_cgi.c:42]--mysql:[user=,pwd=,database=][2020-08-14 17:30:25]--[/home/MyPrj_V13/myprj/dealsharefile/source/dealfile_cgi.c:47]--redis:[ip=,port=]
[2020-08-14 17:32:47]--[/home/MyPrj_V13/myprj/dealfile/source/dealfile_cgi.c:42]--mysql:[user=,pwd=,database=][2020-08-14 17:32:47]--[/home/MyPrj_V13/myprj/dealfile/source/dealfile_cgi.c:47]--redis:[ip=,port=]
[2020-08-14 17:32:47]--[/home/MyPrj_V13/myprj/dealsharefile/source/dealfile_cgi.c:42]--mysql:[user=,pwd=,database=][2020-08-14 17:32:47]--[/home/MyPrj_V13/myprj/dealsharefile/source/dealfile_cgi.c:47]--redis:[ip=,port=]
[2020-08-14 17:44:16]--[/home/MyPrj_V13/myprj/dealfile/source/dealfile_cgi.c:42]--mysql:[user=,pwd=,database=][2020-08-14 17:44:16]--[/home/MyPrj_V13/myprj/dealfile/source/dealfile_cgi.c:47]--redis:[ip=,port=]
[2020-08-14 17:44:16]--[/home/MyPrj_V13/myprj/dealsharefile/source/dealfile_cgi.c:42]--mysql:[user=root,pwd=klczxas789,database=cloud_disk][2020-08-14 17:44:16]--[/home/MyPrj_V13/myprj/dealsharefile/source/dealfile_cgi.c:47]--redis:[ip=127.0.0.1,port=6379]
[2020-08-14 17:48:55]--[/home/MyPrj_V13/myprj/dealfile/source/dealfile_cgi.c:42]--mysql:[user=,pwd=,database=][2020-08-14 17:48:55]--[/home/MyPrj_V13/myprj/dealfile/source/dealfile_cgi.c:47]--redis:[ip=,port=]
[2020-08-14 17:48:55]--[/home/MyPrj_V13/myprj/dealsharefile/source/dealfile_cgi.c:42]--mysql:[user=root,pwd=klczxas789,database=cloud_disk][2020-08-14 17:48:55]--[/home/MyPrj_V13/myprj/dealsharefile/source/dealfile_cgi.c:47]--redis:[ip=127.0.0.1,port=6379]
[2020-08-14 17:49:46]--[/home/MyPrj_V13/myprj/dealfile/source/dealfile_cgi.c:42]--mysql:[user=,pwd=,database=][2020-08-14 17:49:46]--[/home/MyPrj_V13/myprj/dealfile/source/dealfile_cgi.c:47]--redis:[ip=,port=]
[2020-08-14 17:49:46]--[/home/MyPrj_V13/myprj/dealsharefile/source/dealfile_cgi.c:42]--mysql:[user=root,pwd=klczxas789,database=cloud_disk][2020-08-14 17:49:46]--[/home/MyPrj_V13/myprj/dealsharefile/source/dealfile_cgi.c:47]--redis:[ip=127.0.0.1,port=6379]
[2020-08-14 17:51:29]--[/home/MyPrj_V13/myprj/dealfile/source/dealfile_cgi.c:42]--mysql:[user=,pwd=,database=][2020-08-14 17:51:29]--[/home/MyPrj_V13/myprj/dealfile/source/dealfile_cgi.c:47]--redis:[ip=,port=]
[2020-08-14 17:51:29]--[/home/MyPrj_V13/myprj/dealsharefile/source/dealfile_cgi.c:42]--mysql:[user=root,pwd=klczxas789,database=cloud_disk][2020-08-14 17:51:29]--[/home/MyPrj_V13/myprj/dealsharefile/source/dealfile_cgi.c:47]--redis:[ip=127.0.0.1,port=6379]
[2020-08-14 17:53:01]--[/home/MyPrj_V13/myprj/dealfile/source/dealfile_cgi.c:695]--cmd = share
[2020-08-14 17:53:01]--[/home/MyPrj_V13/myprj/dealfile/source/dealfile_cgi.c:727]--buf = {
    "filename": "img-444aa52aa090a1905366f70b2f3ae91d.jpg",
    "md5": "d5815d3bef4752412a48b712f702c85d",
    "token": "5aa6b6e531b57b3bd6218bed0de90c0f",
    "user": "believe123"
}

[2020-08-14 17:53:01]--[/home/MyPrj_V13/myprj/dealfile/source/dealfile_cgi.c:730]--user = believe123, token = 5aa6b6e531b57b3bd6218bed0de90c0f, md5 = d5815d3bef4752412a48b712f702c85d, filename = img-444aa52aa090a1905366f70b2f3ae91d.jpg
