[2020-08-14 17:44:23]--[/home/MyPrj_V13/myprj/login/source/login_cgi.c:288]--buf = {
    "pwd": "75eefdb7794d8b1abd17dfea0a8b7875",
    "user": "gsc12345"
}

[2020-08-14 17:44:23]--[/home/MyPrj_V13/myprj/login/source/login_cgi.c:294]--user = gsc12345, pwd = 75eefdb7794d8b1abd17dfea0a8b7875
[2020-08-14 17:44:23]--[/home/MyPrj_V13/myprj/login/source/login_cgi.c:101]--mysql_user = root, mysql_pwd = klczxas789, mysql_db = cloud_disk
[2020-08-14 17:44:23]--[/home/MyPrj_V13/myprj/login/source/login_cgi.c:161]--redis:[ip=127.0.0.1,port=6379]
[2020-08-14 17:44:23]--[/home/MyPrj_V13/myprj/login/source/login_cgi.c:167]--redis connected error
[2020-08-14 17:44:23]--[/home/MyPrj_V13/myprj/login/source/login_cgi.c:303]--token = 
[2020-08-14 17:44:43]--[/home/MyPrj_V13/myprj/login/source/login_cgi.c:288]--buf = {
    "pwd": "75eefdb7794d8b1abd17dfea0a8b7875",
    "user": "gsc12345"
}

[2020-08-14 17:44:43]--[/home/MyPrj_V13/myprj/login/source/login_cgi.c:294]--user = gsc12345, pwd = 75eefdb7794d8b1abd17dfea0a8b7875
[2020-08-14 17:44:43]--[/home/MyPrj_V13/myprj/login/source/login_cgi.c:101]--mysql_user = root, mysql_pwd = klczxas789, mysql_db = cloud_disk
[2020-08-14 17:44:43]--[/home/MyPrj_V13/myprj/login/source/login_cgi.c:161]--redis:[ip=127.0.0.1,port=6379]
[2020-08-14 17:44:43]--[/home/MyPrj_V13/myprj/login/source/login_cgi.c:167]--redis connected error
[2020-08-14 17:44:43]--[/home/MyPrj_V13/myprj/login/source/login_cgi.c:303]--token = 
[2020-08-14 17:49:59]--[/home/MyPrj_V13/myprj/login/source/login_cgi.c:288]--buf = {
    "pwd": "75eefdb7794d8b1abd17dfea0a8b7875",
    "user": "gsc12345"
}

[2020-08-14 17:49:59]--[/home/MyPrj_V13/myprj/login/source/login_cgi.c:294]--user = gsc12345, pwd = 75eefdb7794d8b1abd17dfea0a8b7875
[2020-08-14 17:49:59]--[/home/MyPrj_V13/myprj/login/source/login_cgi.c:101]--mysql_user = root, mysql_pwd = klczxas789, mysql_db = cloud_disk
[2020-08-14 17:49:59]--[/home/MyPrj_V13/myprj/login/source/login_cgi.c:161]--redis:[ip=127.0.0.1,port=6379]
[2020-08-14 17:49:59]--[/home/MyPrj_V13/myprj/login/source/login_cgi.c:185]--tmp = gsc123457439156246
[2020-08-14 17:49:59]--[/home/MyPrj_V13/myprj/login/source/login_cgi.c:201]--base64 = AAAAANMKAjz1t5KPhSvyY7qQWWnWFs8p
[2020-08-14 17:49:59]--[/home/MyPrj_V13/myprj/login/source/login_cgi.c:303]--token = a478f84300d22572211cb4b11e61008b
[2020-08-14 17:52:31]--[/home/MyPrj_V13/myprj/login/source/login_cgi.c:288]--buf = {
    "pwd": "68db889a0567d9aa7f119683df507e98",
    "user": "believe123"
}

[2020-08-14 17:52:31]--[/home/MyPrj_V13/myprj/login/source/login_cgi.c:294]--user = believe123, pwd = 68db889a0567d9aa7f119683df507e98
[2020-08-14 17:52:31]--[/home/MyPrj_V13/myprj/login/source/login_cgi.c:101]--mysql_user = root, mysql_pwd = klczxas789, mysql_db = cloud_disk
[2020-08-14 17:52:31]--[/home/MyPrj_V13/myprj/login/source/login_cgi.c:161]--redis:[ip=127.0.0.1,port=6379]
[2020-08-14 17:52:31]--[/home/MyPrj_V13/myprj/login/source/login_cgi.c:185]--tmp = believe123922323186595
[2020-08-14 17:52:31]--[/home/MyPrj_V13/myprj/login/source/login_cgi.c:201]--base64 = AAAAACsgzClpIuU9ykJRXMTFDvTrnS/N
[2020-08-14 17:52:31]--[/home/MyPrj_V13/myprj/login/source/login_cgi.c:303]--token = 5aa6b6e531b57b3bd6218bed0de90c0f
[2020-08-14 17:53:12]--[/home/MyPrj_V13/myprj/login/source/login_cgi.c:288]--buf = {
    "pwd": "68db889a0567d9aa7f119683df507e98",
    "user": "believe123"
}

[2020-08-14 17:53:12]--[/home/MyPrj_V13/myprj/login/source/login_cgi.c:294]--user = believe123, pwd = 68db889a0567d9aa7f119683df507e98
[2020-08-14 17:53:12]--[/home/MyPrj_V13/myprj/login/source/login_cgi.c:101]--mysql_user = root, mysql_pwd = klczxas789, mysql_db = cloud_disk
[2020-08-14 17:53:12]--[/home/MyPrj_V13/myprj/login/source/login_cgi.c:161]--redis:[ip=127.0.0.1,port=6379]
[2020-08-14 17:53:12]--[/home/MyPrj_V13/myprj/login/source/login_cgi.c:185]--tmp = believe123719583120623
[2020-08-14 17:53:12]--[/home/MyPrj_V13/myprj/login/source/login_cgi.c:201]--base64 = AAAAACsgzCnSBF1f+j0Y2HHsRswLnHqN
[2020-08-14 17:53:12]--[/home/MyPrj_V13/myprj/login/source/login_cgi.c:303]--token = a1f97a86fca8f3f8850a51002d8a124b
